<?xml version="1.0" encoding="UTF-8"?>
<!-- Generated by org.testng.reporters.JUnitReportReporter -->
<testsuite hostname="IBM-PF32PKSA" failures="0" tests="3" name="testNG.TestNGSimpleProject" time="0.013" errors="0" timestamp="2024-07-03T22:59:00 IST" skipped="0">
  <testcase classname="testNG.TestNGSimpleProject" name="login" time="0.011"/>
  <system-out/>
  <testcase classname="testNG.TestNGSimpleProject" name="openapp" time="0.001"/>
  <system-out/>
  <testcase classname="testNG.TestNGSimpleProject" name="logout" time="0.001"/>
  <system-out/>
</testsuite> <!-- testNG.TestNGSimpleProject -->
